<?xml version="1.0" encoding="UTF-8"?>
<testng-results skipped="0" failed="2" ignored="0" total="2" passed="0">
  <reporter-output>
  </reporter-output>
  <suite name="Default suite" duration-ms="218533" started-at="2018-09-24T12:22:45Z" finished-at="2018-09-24T12:26:23Z">
    <groups>
      <group name="AddStudentGroup">
        <method signature="AddStudentTest.testAddVerifiedStudent()[pri:0, instance:TestCases.AddStudentTest@7d0587f1]" name="testAddVerifiedStudent" class="TestCases.AddStudentTest"/>
        <method signature="AddStudentTest.testEditVerifiedStudent()[pri:0, instance:TestCases.AddStudentTest@7d0587f1]" name="testEditVerifiedStudent" class="TestCases.AddStudentTest"/>
      </group> <!-- AddStudentGroup -->
    </groups>
    <test name="Default test" duration-ms="218533" started-at="2018-09-24T12:22:45Z" finished-at="2018-09-24T12:26:23Z">
      <class name="TestCases.AddStudentTest">
        <test-method status="PASS" signature="setDriver()[pri:0, instance:TestCases.AddStudentTest@7d0587f1]" name="setDriver" is-config="true" duration-ms="97456" started-at="2018-09-24T17:52:45Z" finished-at="2018-09-24T17:54:22Z">
          <reporter-output>
          </reporter-output>
        </test-method> <!-- setDriver -->
        <test-method status="FAIL" signature="testAddVerifiedStudent()[pri:0, instance:TestCases.AddStudentTest@7d0587f1]" name="testAddVerifiedStudent" duration-ms="120979" started-at="2018-09-24T17:54:22Z" description="Verify the User can Add a verified Student." finished-at="2018-09-24T17:56:23Z">
          <exception class="org.openqa.selenium.NoSuchSessionException">
            <message>
              <![CDATA[A session is either terminated or not started
Build info: version: '3.11.0', revision: 'e59cfb3', time: '2018-03-11T20:26:55.152Z'
System info: host: 'ULTP_547', ip: '172.24.212.15', os.name: 'Windows 10', os.arch: 'amd64', os.version: '10.0', java.version: '1.8.0_181'
Driver info: io.appium.java_client.android.AndroidDriver
Capabilities {app: E:\MealsPlus\MealsPlusAutom..., appActivity: com.mealsplus.k12paymentcen..., appPackage: com.mealsplus.k12paymentcenter, appWaitActivity: *, appWaitPackage: com.mealsplus.k12paymentcenter, automationName: Appium, databaseEnabled: false, desired: {app: E:\MealsPlus\MealsPlusAutom..., appWaitActivity: *, automationName: Appium, deviceName: 4200c0a9cecfa287, platformName: android, udid: 4200c0a9cecfa287}, deviceManufacturer: samsung, deviceModel: SM-J200G, deviceName: 4200c0a9cecfa287, deviceScreenSize: 540x960, deviceUDID: 4200c0a9cecfa287, javascriptEnabled: true, locationContextEnabled: false, networkConnectionEnabled: true, platform: LINUX, platformName: LINUX, platformVersion: 5.1.1, takesScreenshot: true, udid: 4200c0a9cecfa287, warnings: {}, webStorageEnabled: false}
Session ID: a5ae02d4-e275-4347-ac9a-ff400f896ee9]]>
            </message>
            <full-stacktrace>
              <![CDATA[org.openqa.selenium.NoSuchSessionException: A session is either terminated or not started
Build info: version: '3.11.0', revision: 'e59cfb3', time: '2018-03-11T20:26:55.152Z'
System info: host: 'ULTP_547', ip: '172.24.212.15', os.name: 'Windows 10', os.arch: 'amd64', os.version: '10.0', java.version: '1.8.0_181'
Driver info: io.appium.java_client.android.AndroidDriver
Capabilities {app: E:\MealsPlus\MealsPlusAutom..., appActivity: com.mealsplus.k12paymentcen..., appPackage: com.mealsplus.k12paymentcenter, appWaitActivity: *, appWaitPackage: com.mealsplus.k12paymentcenter, automationName: Appium, databaseEnabled: false, desired: {app: E:\MealsPlus\MealsPlusAutom..., appWaitActivity: *, automationName: Appium, deviceName: 4200c0a9cecfa287, platformName: android, udid: 4200c0a9cecfa287}, deviceManufacturer: samsung, deviceModel: SM-J200G, deviceName: 4200c0a9cecfa287, deviceScreenSize: 540x960, deviceUDID: 4200c0a9cecfa287, javascriptEnabled: true, locationContextEnabled: false, networkConnectionEnabled: true, platform: LINUX, platformName: LINUX, platformVersion: 5.1.1, takesScreenshot: true, udid: 4200c0a9cecfa287, warnings: {}, webStorageEnabled: false}
Session ID: a5ae02d4-e275-4347-ac9a-ff400f896ee9
	at sun.reflect.NativeConstructorAccessorImpl.newInstance0(Native Method)
	at sun.reflect.NativeConstructorAccessorImpl.newInstance(NativeConstructorAccessorImpl.java:62)
	at sun.reflect.DelegatingConstructorAccessorImpl.newInstance(DelegatingConstructorAccessorImpl.java:45)
	at java.lang.reflect.Constructor.newInstance(Constructor.java:423)
	at org.openqa.selenium.remote.http.W3CHttpResponseCodec.createException(W3CHttpResponseCodec.java:187)
	at org.openqa.selenium.remote.http.W3CHttpResponseCodec.decode(W3CHttpResponseCodec.java:122)
	at org.openqa.selenium.remote.http.W3CHttpResponseCodec.decode(W3CHttpResponseCodec.java:49)
	at org.openqa.selenium.remote.HttpCommandExecutor.execute(HttpCommandExecutor.java:160)
	at io.appium.java_client.remote.AppiumCommandExecutor.execute(AppiumCommandExecutor.java:129)
	at org.openqa.selenium.remote.RemoteWebDriver.execute(RemoteWebDriver.java:601)
	at io.appium.java_client.DefaultGenericMobileDriver.execute(DefaultGenericMobileDriver.java:42)
	at io.appium.java_client.AppiumDriver.execute(AppiumDriver.java:1)
	at io.appium.java_client.android.AndroidDriver.execute(AndroidDriver.java:1)
	at org.openqa.selenium.remote.RemoteWebElement.execute(RemoteWebElement.java:279)
	at io.appium.java_client.DefaultGenericMobileElement.execute(DefaultGenericMobileElement.java:45)
	at io.appium.java_client.MobileElement.execute(MobileElement.java:1)
	at io.appium.java_client.android.AndroidElement.execute(AndroidElement.java:1)
	at org.openqa.selenium.remote.RemoteWebElement.sendKeys(RemoteWebElement.java:100)
	at K12PaymentCenter.BaseTest.Login(BaseTest.java:49)
	at TestCases.AddStudentTest.testAddVerifiedStudent(AddStudentTest.java:11)
	at sun.reflect.NativeMethodAccessorImpl.invoke0(Native Method)
	at sun.reflect.NativeMethodAccessorImpl.invoke(NativeMethodAccessorImpl.java:62)
	at sun.reflect.DelegatingMethodAccessorImpl.invoke(DelegatingMethodAccessorImpl.java:43)
	at java.lang.reflect.Method.invoke(Method.java:498)
	at org.testng.internal.MethodInvocationHelper.invokeMethod(MethodInvocationHelper.java:108)
	at org.testng.internal.Invoker.invokeMethod(Invoker.java:661)
	at org.testng.internal.Invoker.invokeTestMethod(Invoker.java:869)
	at org.testng.internal.Invoker.invokeTestMethods(Invoker.java:1193)
	at org.testng.internal.TestMethodWorker.invokeTestMethods(TestMethodWorker.java:126)
	at org.testng.internal.TestMethodWorker.run(TestMethodWorker.java:109)
	at org.testng.TestRunner.privateRun(TestRunner.java:744)
	at org.testng.TestRunner.run(TestRunner.java:602)
	at org.testng.SuiteRunner.runTest(SuiteRunner.java:380)
	at org.testng.SuiteRunner.runSequentially(SuiteRunner.java:375)
	at org.testng.SuiteRunner.privateRun(SuiteRunner.java:340)
	at org.testng.SuiteRunner.run(SuiteRunner.java:289)
	at org.testng.SuiteRunnerWorker.runSuite(SuiteRunnerWorker.java:52)
	at org.testng.SuiteRunnerWorker.run(SuiteRunnerWorker.java:86)
	at org.testng.TestNG.runSuitesSequentially(TestNG.java:1301)
	at org.testng.TestNG.runSuitesLocally(TestNG.java:1226)
	at org.testng.TestNG.runSuites(TestNG.java:1144)
	at org.testng.TestNG.run(TestNG.java:1115)
	at org.testng.remote.AbstractRemoteTestNG.run(AbstractRemoteTestNG.java:114)
	at org.testng.remote.RemoteTestNG.initAndRun(RemoteTestNG.java:251)
	at org.testng.remote.RemoteTestNG.main(RemoteTestNG.java:77)
]]>
            </full-stacktrace>
          </exception> <!-- org.openqa.selenium.NoSuchSessionException -->
          <reporter-output>
          </reporter-output>
        </test-method> <!-- testAddVerifiedStudent -->
        <test-method status="FAIL" signature="testEditVerifiedStudent()[pri:0, instance:TestCases.AddStudentTest@7d0587f1]" name="testEditVerifiedStudent" duration-ms="51" started-at="2018-09-24T17:56:23Z" description="Verify the User can Edit a verified Student." finished-at="2018-09-24T17:56:23Z">
          <exception class="org.openqa.selenium.NoSuchSessionException">
            <message>
              <![CDATA[A session is either terminated or not started
Build info: version: '3.11.0', revision: 'e59cfb3', time: '2018-03-11T20:26:55.152Z'
System info: host: 'ULTP_547', ip: '172.24.212.15', os.name: 'Windows 10', os.arch: 'amd64', os.version: '10.0', java.version: '1.8.0_181'
Driver info: io.appium.java_client.android.AndroidDriver
Capabilities {app: E:\MealsPlus\MealsPlusAutom..., appActivity: com.mealsplus.k12paymentcen..., appPackage: com.mealsplus.k12paymentcenter, appWaitActivity: *, appWaitPackage: com.mealsplus.k12paymentcenter, automationName: Appium, databaseEnabled: false, desired: {app: E:\MealsPlus\MealsPlusAutom..., appWaitActivity: *, automationName: Appium, deviceName: 4200c0a9cecfa287, platformName: android, udid: 4200c0a9cecfa287}, deviceManufacturer: samsung, deviceModel: SM-J200G, deviceName: 4200c0a9cecfa287, deviceScreenSize: 540x960, deviceUDID: 4200c0a9cecfa287, javascriptEnabled: true, locationContextEnabled: false, networkConnectionEnabled: true, platform: LINUX, platformName: LINUX, platformVersion: 5.1.1, takesScreenshot: true, udid: 4200c0a9cecfa287, warnings: {}, webStorageEnabled: false}
Session ID: a5ae02d4-e275-4347-ac9a-ff400f896ee9
*** Element info: {Using=xpath, value=//*[@text='Username']}]]>
            </message>
            <full-stacktrace>
              <![CDATA[org.openqa.selenium.NoSuchSessionException: A session is either terminated or not started
Build info: version: '3.11.0', revision: 'e59cfb3', time: '2018-03-11T20:26:55.152Z'
System info: host: 'ULTP_547', ip: '172.24.212.15', os.name: 'Windows 10', os.arch: 'amd64', os.version: '10.0', java.version: '1.8.0_181'
Driver info: io.appium.java_client.android.AndroidDriver
Capabilities {app: E:\MealsPlus\MealsPlusAutom..., appActivity: com.mealsplus.k12paymentcen..., appPackage: com.mealsplus.k12paymentcenter, appWaitActivity: *, appWaitPackage: com.mealsplus.k12paymentcenter, automationName: Appium, databaseEnabled: false, desired: {app: E:\MealsPlus\MealsPlusAutom..., appWaitActivity: *, automationName: Appium, deviceName: 4200c0a9cecfa287, platformName: android, udid: 4200c0a9cecfa287}, deviceManufacturer: samsung, deviceModel: SM-J200G, deviceName: 4200c0a9cecfa287, deviceScreenSize: 540x960, deviceUDID: 4200c0a9cecfa287, javascriptEnabled: true, locationContextEnabled: false, networkConnectionEnabled: true, platform: LINUX, platformName: LINUX, platformVersion: 5.1.1, takesScreenshot: true, udid: 4200c0a9cecfa287, warnings: {}, webStorageEnabled: false}
Session ID: a5ae02d4-e275-4347-ac9a-ff400f896ee9
*** Element info: {Using=xpath, value=//*[@text='Username']}
	at sun.reflect.NativeConstructorAccessorImpl.newInstance0(Native Method)
	at sun.reflect.NativeConstructorAccessorImpl.newInstance(NativeConstructorAccessorImpl.java:62)
	at sun.reflect.DelegatingConstructorAccessorImpl.newInstance(DelegatingConstructorAccessorImpl.java:45)
	at java.lang.reflect.Constructor.newInstance(Constructor.java:423)
	at org.openqa.selenium.remote.http.W3CHttpResponseCodec.createException(W3CHttpResponseCodec.java:187)
	at org.openqa.selenium.remote.http.W3CHttpResponseCodec.decode(W3CHttpResponseCodec.java:122)
	at org.openqa.selenium.remote.http.W3CHttpResponseCodec.decode(W3CHttpResponseCodec.java:49)
	at org.openqa.selenium.remote.HttpCommandExecutor.execute(HttpCommandExecutor.java:160)
	at io.appium.java_client.remote.AppiumCommandExecutor.execute(AppiumCommandExecutor.java:129)
	at org.openqa.selenium.remote.RemoteWebDriver.execute(RemoteWebDriver.java:601)
	at io.appium.java_client.DefaultGenericMobileDriver.execute(DefaultGenericMobileDriver.java:42)
	at io.appium.java_client.AppiumDriver.execute(AppiumDriver.java:1)
	at io.appium.java_client.android.AndroidDriver.execute(AndroidDriver.java:1)
	at org.openqa.selenium.remote.RemoteWebDriver.findElement(RemoteWebDriver.java:371)
	at io.appium.java_client.DefaultGenericMobileDriver.findElement(DefaultGenericMobileDriver.java:62)
	at io.appium.java_client.AppiumDriver.findElement(AppiumDriver.java:1)
	at io.appium.java_client.android.AndroidDriver.findElement(AndroidDriver.java:1)
	at org.openqa.selenium.remote.RemoteWebDriver.findElementByXPath(RemoteWebDriver.java:473)
	at io.appium.java_client.DefaultGenericMobileDriver.findElementByXPath(DefaultGenericMobileDriver.java:152)
	at io.appium.java_client.AppiumDriver.findElementByXPath(AppiumDriver.java:1)
	at io.appium.java_client.android.AndroidDriver.findElementByXPath(AndroidDriver.java:1)
	at org.openqa.selenium.By$ByXPath.findElement(By.java:361)
	at org.openqa.selenium.remote.RemoteWebDriver.findElement(RemoteWebDriver.java:363)
	at io.appium.java_client.DefaultGenericMobileDriver.findElement(DefaultGenericMobileDriver.java:58)
	at io.appium.java_client.AppiumDriver.findElement(AppiumDriver.java:1)
	at io.appium.java_client.android.AndroidDriver.findElement(AndroidDriver.java:1)
	at K12PaymentCenter.utils.DriverHelper.getMobileElement(DriverHelper.java:51)
	at K12PaymentCenter.pages.LoginPage.getUsernameTextbox(LoginPage.java:47)
	at K12PaymentCenter.BaseTest.Login(BaseTest.java:49)
	at TestCases.AddStudentTest.testEditVerifiedStudent(AddStudentTest.java:44)
	at sun.reflect.NativeMethodAccessorImpl.invoke0(Native Method)
	at sun.reflect.NativeMethodAccessorImpl.invoke(NativeMethodAccessorImpl.java:62)
	at sun.reflect.DelegatingMethodAccessorImpl.invoke(DelegatingMethodAccessorImpl.java:43)
	at java.lang.reflect.Method.invoke(Method.java:498)
	at org.testng.internal.MethodInvocationHelper.invokeMethod(MethodInvocationHelper.java:108)
	at org.testng.internal.Invoker.invokeMethod(Invoker.java:661)
	at org.testng.internal.Invoker.invokeTestMethod(Invoker.java:869)
	at org.testng.internal.Invoker.invokeTestMethods(Invoker.java:1193)
	at org.testng.internal.TestMethodWorker.invokeTestMethods(TestMethodWorker.java:126)
	at org.testng.internal.TestMethodWorker.run(TestMethodWorker.java:109)
	at org.testng.TestRunner.privateRun(TestRunner.java:744)
	at org.testng.TestRunner.run(TestRunner.java:602)
	at org.testng.SuiteRunner.runTest(SuiteRunner.java:380)
	at org.testng.SuiteRunner.runSequentially(SuiteRunner.java:375)
	at org.testng.SuiteRunner.privateRun(SuiteRunner.java:340)
	at org.testng.SuiteRunner.run(SuiteRunner.java:289)
	at org.testng.SuiteRunnerWorker.runSuite(SuiteRunnerWorker.java:52)
	at org.testng.SuiteRunnerWorker.run(SuiteRunnerWorker.java:86)
	at org.testng.TestNG.runSuitesSequentially(TestNG.java:1301)
	at org.testng.TestNG.runSuitesLocally(TestNG.java:1226)
	at org.testng.TestNG.runSuites(TestNG.java:1144)
	at org.testng.TestNG.run(TestNG.java:1115)
	at org.testng.remote.AbstractRemoteTestNG.run(AbstractRemoteTestNG.java:114)
	at org.testng.remote.RemoteTestNG.initAndRun(RemoteTestNG.java:251)
	at org.testng.remote.RemoteTestNG.main(RemoteTestNG.java:77)
]]>
            </full-stacktrace>
          </exception> <!-- org.openqa.selenium.NoSuchSessionException -->
          <reporter-output>
          </reporter-output>
        </test-method> <!-- testEditVerifiedStudent -->
      </class> <!-- TestCases.AddStudentTest -->
    </test> <!-- Default test -->
  </suite> <!-- Default suite -->
</testng-results>
